<?xml version="1.0" encoding="UTF-8"?>
<testsuite xmlns:xsi="http://www.w3.org/2001/XMLSchema-instance" xsi:schemaLocation="https://maven.apache.org/surefire/maven-surefire-plugin/xsd/surefire-test-report.xsd" name="TestSuite" time="43.852" tests="1" errors="0" skipped="0" failures="1">
  <properties>
[...]
</properties>
  <testcase name="loginJourneyWithDifferentCredentials" classname="mobile.Tests.LoginTests" time="29.698">
    <failure message="Test Failed: Error: Invalid Header! An element could not be located on the page using the given search parameters.&#10;For documentation on this error, please visit: https://www.selenium.dev/documentation/webdriver/troubleshooting/errors#no-such-element-exception&#10;Build info: version: &apos;4.25.0&apos;, revision: &apos;8a8aea2337&apos;&#10;System info: os.name: &apos;Mac OS X&apos;, os.arch: &apos;x86_64&apos;, os.version: &apos;14.6.1&apos;, java.version: &apos;22.0.2&apos;&#10;Driver info: io.appium.java_client.ios.IOSDriver&#10;Command: [27bfdaaa-d37f-4688-aefb-9f8e445fd9ff, findElement {using=xpath, value=//*[contains(text(),&apos;Sign up or log in&apos;)]}]&#10;Capabilities {appium:app: /Users/gaurav_purwar/Docume..., appium:autoAcceptAlerts: true, appium:autoGrantPermissions: true, appium:automationName: XCuiTest, appium:commandTimeouts: {default: 12000}, appium:databaseEnabled: false, appium:deviceName: Gaurav iPhone, appium:javascriptEnabled: true, appium:locationContextEnabled: false, appium:networkConnectionEnabled: false, appium:platformVersion: 18.0, appium:takesScreenshot: true, appium:udid: 00008101-000144661EF0001E, appium:wdaLaunchTimeout: 50000, appium:webStorageEnabled: false, appium:xcodeOrgId: purwar389@gmail.com, appium:xcodeSigningId: iPhone Developer, platformName: IOS}&#10;Session ID: 27bfdaaa-d37f-4688-aefb-9f8e445fd9ff" type="java.lang.AssertionError">java.lang.AssertionError: 
Test Failed: Error: Invalid Header! An element could not be located on the page using the given search parameters.
For documentation on this error, please visit: https://www.selenium.dev/documentation/webdriver/troubleshooting/errors#no-such-element-exception
Build info: version: '4.25.0', revision: '8a8aea2337'
System info: os.name: 'Mac OS X', os.arch: 'x86_64', os.version: '14.6.1', java.version: '22.0.2'
Driver info: io.appium.java_client.ios.IOSDriver
Command: [27bfdaaa-d37f-4688-aefb-9f8e445fd9ff, findElement {using=xpath, value=//*[contains(text(),'Sign up or log in')]}]
Capabilities {appium:app: /Users/gaurav_purwar/Docume..., appium:autoAcceptAlerts: true, appium:autoGrantPermissions: true, appium:automationName: XCuiTest, appium:commandTimeouts: {default: 12000}, appium:databaseEnabled: false, appium:deviceName: Gaurav iPhone, appium:javascriptEnabled: true, appium:locationContextEnabled: false, appium:networkConnectionEnabled: false, appium:platformVersion: 18.0, appium:takesScreenshot: true, appium:udid: 00008101-000144661EF0001E, appium:wdaLaunchTimeout: 50000, appium:webStorageEnabled: false, appium:xcodeOrgId: purwar389@gmail.com, appium:xcodeSigningId: iPhone Developer, platformName: IOS}
Session ID: 27bfdaaa-d37f-4688-aefb-9f8e445fd9ff
	at mobile.Tests.LoginTests.loginJourneyWithDifferentCredentials(LoginTests.java:65)
</failure>
    <system-out><![CDATA[Launched successfully!
Driver is set!
iOS driver is set
Sign up or log in  Button button is clicked!
Email Address Field is entered with value gaurav@vrize.com
]]></system-out>
    <system-err><![CDATA[SLF4J(W): No SLF4J providers were found.
SLF4J(W): Defaulting to no-operation (NOP) logger implementation
SLF4J(W): See https://www.slf4j.org/codes.html#noProviders for further details.
]]></system-err>
  </testcase>
</testsuite>